for(let i=1; i<= 100; i++) {
    if(i%15===0){
        console.log("FizzBuzz");
    }else if(i%5===0) {
        console.log("Buzz");
    } else if(i%3===0) {
        console.log("Fizz");
    }else{
        console.log(i);
    }
}
VM730:9 1
VM730:9 2
VM730:7 Fizz
VM730:9 4
VM730:5 Buzz
VM730:7 Fizz
VM730:9 7
VM730:9 8
VM730:7 Fizz
VM730:5 Buzz
VM730:9 11
VM730:7 Fizz
VM730:9 13
VM730:9 14
VM730:3 FizzBuzz
VM730:9 16
VM730:9 17
VM730:7 Fizz
VM730:9 19
VM730:5 Buzz
VM730:7 Fizz
VM730:9 22
VM730:9 23
VM730:7 Fizz
VM730:5 Buzz
VM730:9 26
VM730:7 Fizz
VM730:9 28
VM730:9 29
VM730:3 FizzBuzz
VM730:9 31
VM730:9 32
VM730:7 Fizz
VM730:9 34
VM730:5 Buzz
VM730:7 Fizz
VM730:9 37
VM730:9 38
VM730:7 Fizz
VM730:5 Buzz
VM730:9 41
VM730:7 Fizz
VM730:9 43
VM730:9 44
VM730:3 FizzBuzz
VM730:9 46
VM730:9 47
VM730:7 Fizz
VM730:9 49
VM730:5 Buzz
VM730:7 Fizz
VM730:9 52
VM730:9 53
VM730:7 Fizz
VM730:5 Buzz
VM730:9 56
VM730:7 Fizz
VM730:9 58
VM730:9 59
VM730:3 FizzBuzz
VM730:9 61
VM730:9 62
VM730:7 Fizz
VM730:9 64
VM730:5 Buzz
VM730:7 Fizz
VM730:9 67
VM730:9 68
VM730:7 Fizz
VM730:5 Buzz
VM730:9 71
VM730:7 Fizz
VM730:9 73
VM730:9 74
VM730:3 FizzBuzz
VM730:9 76
VM730:9 77
VM730:7 Fizz
VM730:9 79
VM730:5 Buzz
VM730:7 Fizz
VM730:9 82
VM730:9 83
VM730:7 Fizz
VM730:5 Buzz
VM730:9 86
VM730:7 Fizz
VM730:9 88
VM730:9 89
VM730:3 FizzBuzz
VM730:9 91
VM730:9 92
VM730:7 Fizz
VM730:9 94
VM730:5 Buzz
VM730:7 Fizz
VM730:9 97
VM730:9 98
VM730:7 Fizz
VM730:5 Buzz
undefined
